/*C1*/SET SCHEMA SYSTEM_LOBS
INSERT INTO BLOCKS VALUES(0,2147483647,0)
COMMIT
/*C3*/SET SCHEMA PUBLIC
CREATE TABLE ACCOUNTS(id INTEGER GENERATED BY DEFAULT AS IDENTITY(START WITH 1, INCREMENT BY 1), balance FLOAT, PRIMARY KEY (id))
/*C5*/SET SCHEMA PUBLIC
INSERT INTO ACCOUNTS VALUES(1,100.0E0)
COMMIT
/*C6*/SET SCHEMA PUBLIC
INSERT INTO ACCOUNTS VALUES(2,100.0E0)
COMMIT
/*C7*/SET SCHEMA PUBLIC
INSERT INTO ACCOUNTS VALUES(3,100.0E0)
COMMIT
/*C8*/SET SCHEMA PUBLIC
INSERT INTO ACCOUNTS VALUES(4,100.0E0)
COMMIT
/*C9*/SET SCHEMA PUBLIC
INSERT INTO ACCOUNTS VALUES(5,100.0E0)
COMMIT
/*C10*/SET SCHEMA PUBLIC
INSERT INTO ACCOUNTS VALUES(6,100.0E0)
COMMIT
/*C11*/SET SCHEMA PUBLIC
INSERT INTO ACCOUNTS VALUES(7,100.0E0)
COMMIT
/*C12*/SET SCHEMA PUBLIC
INSERT INTO ACCOUNTS VALUES(8,100.0E0)
COMMIT
/*C13*/SET SCHEMA PUBLIC
INSERT INTO ACCOUNTS VALUES(9,100.0E0)
COMMIT
/*C14*/SET SCHEMA PUBLIC
INSERT INTO ACCOUNTS VALUES(10,100.0E0)
COMMIT
/*C15*/SET SCHEMA PUBLIC
INSERT INTO ACCOUNTS VALUES(11,100.0E0)
COMMIT
/*C16*/SET SCHEMA PUBLIC
INSERT INTO ACCOUNTS VALUES(12,100.0E0)
COMMIT
/*C17*/SET SCHEMA PUBLIC
INSERT INTO ACCOUNTS VALUES(13,100.0E0)
COMMIT
/*C18*/SET SCHEMA PUBLIC
INSERT INTO ACCOUNTS VALUES(14,100.0E0)
COMMIT
/*C19*/SET SCHEMA PUBLIC
INSERT INTO ACCOUNTS VALUES(15,100.0E0)
COMMIT
/*C20*/SET SCHEMA PUBLIC
INSERT INTO ACCOUNTS VALUES(16,100.0E0)
COMMIT
/*C21*/SET SCHEMA PUBLIC
INSERT INTO ACCOUNTS VALUES(17,100.0E0)
COMMIT
/*C22*/SET SCHEMA PUBLIC
INSERT INTO ACCOUNTS VALUES(18,100.0E0)
COMMIT
/*C23*/SET SCHEMA PUBLIC
INSERT INTO ACCOUNTS VALUES(19,100.0E0)
COMMIT
/*C24*/SET SCHEMA PUBLIC
INSERT INTO ACCOUNTS VALUES(20,100.0E0)
COMMIT
/*C25*/SET SCHEMA PUBLIC
INSERT INTO ACCOUNTS VALUES(21,100.0E0)
COMMIT
/*C26*/SET SCHEMA PUBLIC
INSERT INTO ACCOUNTS VALUES(22,100.0E0)
COMMIT
/*C27*/SET SCHEMA PUBLIC
INSERT INTO ACCOUNTS VALUES(23,100.0E0)
COMMIT
/*C28*/SET SCHEMA PUBLIC
INSERT INTO ACCOUNTS VALUES(24,100.0E0)
COMMIT
/*C4*/SET SCHEMA PUBLIC
DISCONNECT
/*C2*/SET SCHEMA PUBLIC
DISCONNECT
/*C28*/DISCONNECT
/*C27*/DISCONNECT
/*C26*/DISCONNECT
/*C25*/DISCONNECT
/*C24*/DISCONNECT
/*C23*/DISCONNECT
/*C22*/DISCONNECT
/*C21*/DISCONNECT
/*C20*/DISCONNECT
/*C19*/DISCONNECT
/*C18*/DISCONNECT
/*C17*/DISCONNECT
/*C16*/DISCONNECT
/*C15*/DISCONNECT
/*C14*/DISCONNECT
/*C13*/DISCONNECT
/*C12*/DISCONNECT
/*C11*/DISCONNECT
/*C10*/DISCONNECT
/*C9*/DISCONNECT
/*C8*/DISCONNECT
/*C7*/DISCONNECT
/*C6*/DISCONNECT
/*C5*/DISCONNECT
/*C29*/SET SCHEMA PUBLIC
INSERT INTO ACCOUNTS VALUES(25,100.0E0)
COMMIT
/*C30*/SET SCHEMA PUBLIC
INSERT INTO ACCOUNTS VALUES(26,100.0E0)
COMMIT
/*C31*/SET SCHEMA PUBLIC
INSERT INTO ACCOUNTS VALUES(27,100.0E0)
COMMIT
/*C32*/SET SCHEMA PUBLIC
INSERT INTO ACCOUNTS VALUES(28,100.0E0)
COMMIT
/*C33*/SET SCHEMA PUBLIC
INSERT INTO ACCOUNTS VALUES(29,100.0E0)
COMMIT
/*C34*/SET SCHEMA PUBLIC
INSERT INTO ACCOUNTS VALUES(30,100.0E0)
COMMIT
/*C35*/SET SCHEMA PUBLIC
INSERT INTO ACCOUNTS VALUES(31,100.0E0)
COMMIT
/*C36*/SET SCHEMA PUBLIC
INSERT INTO ACCOUNTS VALUES(32,100.0E0)
COMMIT
/*C37*/SET SCHEMA PUBLIC
INSERT INTO ACCOUNTS VALUES(33,100.0E0)
COMMIT
/*C38*/SET SCHEMA PUBLIC
INSERT INTO ACCOUNTS VALUES(34,100.0E0)
COMMIT
/*C39*/SET SCHEMA PUBLIC
INSERT INTO ACCOUNTS VALUES(35,100.0E0)
COMMIT
/*C40*/SET SCHEMA PUBLIC
INSERT INTO ACCOUNTS VALUES(36,100.0E0)
COMMIT
/*C41*/SET SCHEMA PUBLIC
INSERT INTO ACCOUNTS VALUES(37,100.0E0)
COMMIT
/*C42*/SET SCHEMA PUBLIC
INSERT INTO ACCOUNTS VALUES(38,100.0E0)
COMMIT
/*C43*/SET SCHEMA PUBLIC
INSERT INTO ACCOUNTS VALUES(39,100.0E0)
COMMIT
/*C44*/SET SCHEMA PUBLIC
INSERT INTO ACCOUNTS VALUES(40,100.0E0)
COMMIT
/*C45*/SET SCHEMA PUBLIC
INSERT INTO ACCOUNTS VALUES(41,100.0E0)
COMMIT
/*C46*/SET SCHEMA PUBLIC
INSERT INTO ACCOUNTS VALUES(42,100.0E0)
COMMIT
/*C47*/SET SCHEMA PUBLIC
INSERT INTO ACCOUNTS VALUES(43,100.0E0)
COMMIT
/*C48*/SET SCHEMA PUBLIC
INSERT INTO ACCOUNTS VALUES(44,100.0E0)
COMMIT
/*C49*/SET SCHEMA PUBLIC
INSERT INTO ACCOUNTS VALUES(45,100.0E0)
COMMIT
/*C50*/SET SCHEMA PUBLIC
INSERT INTO ACCOUNTS VALUES(46,100.0E0)
COMMIT
/*C51*/SET SCHEMA PUBLIC
INSERT INTO ACCOUNTS VALUES(47,100.0E0)
COMMIT
/*C52*/SET SCHEMA PUBLIC
INSERT INTO ACCOUNTS VALUES(48,100.0E0)
COMMIT
/*C53*/SET SCHEMA PUBLIC
INSERT INTO ACCOUNTS VALUES(49,100.0E0)
COMMIT
/*C54*/SET SCHEMA PUBLIC
INSERT INTO ACCOUNTS VALUES(50,100.0E0)
COMMIT
/*C55*/SET SCHEMA PUBLIC
INSERT INTO ACCOUNTS VALUES(51,100.0E0)
COMMIT
/*C56*/SET SCHEMA PUBLIC
INSERT INTO ACCOUNTS VALUES(52,100.0E0)
COMMIT
/*C57*/SET SCHEMA PUBLIC
INSERT INTO ACCOUNTS VALUES(53,100.0E0)
COMMIT
/*C58*/SET SCHEMA PUBLIC
INSERT INTO ACCOUNTS VALUES(54,100.0E0)
COMMIT
/*C59*/SET SCHEMA PUBLIC
INSERT INTO ACCOUNTS VALUES(55,100.0E0)
COMMIT
/*C60*/SET SCHEMA PUBLIC
INSERT INTO ACCOUNTS VALUES(56,100.0E0)
COMMIT
/*C61*/SET SCHEMA PUBLIC
INSERT INTO ACCOUNTS VALUES(57,100.0E0)
COMMIT
/*C62*/SET SCHEMA PUBLIC
INSERT INTO ACCOUNTS VALUES(58,100.0E0)
COMMIT
/*C63*/SET SCHEMA PUBLIC
INSERT INTO ACCOUNTS VALUES(59,100.0E0)
COMMIT
/*C64*/SET SCHEMA PUBLIC
INSERT INTO ACCOUNTS VALUES(60,100.0E0)
COMMIT
/*C65*/SET SCHEMA PUBLIC
INSERT INTO ACCOUNTS VALUES(61,100.0E0)
COMMIT
/*C66*/SET SCHEMA PUBLIC
INSERT INTO ACCOUNTS VALUES(62,100.0E0)
COMMIT
/*C67*/SET SCHEMA PUBLIC
INSERT INTO ACCOUNTS VALUES(63,100.0E0)
COMMIT
/*C68*/SET SCHEMA PUBLIC
INSERT INTO ACCOUNTS VALUES(64,100.0E0)
COMMIT
/*C69*/SET SCHEMA PUBLIC
INSERT INTO ACCOUNTS VALUES(65,100.0E0)
COMMIT
/*C70*/SET SCHEMA PUBLIC
INSERT INTO ACCOUNTS VALUES(66,100.0E0)
COMMIT
/*C71*/SET SCHEMA PUBLIC
INSERT INTO ACCOUNTS VALUES(67,100.0E0)
COMMIT
/*C72*/SET SCHEMA PUBLIC
INSERT INTO ACCOUNTS VALUES(68,100.0E0)
COMMIT
/*C73*/SET SCHEMA PUBLIC
INSERT INTO ACCOUNTS VALUES(69,100.0E0)
COMMIT
/*C74*/SET SCHEMA PUBLIC
INSERT INTO ACCOUNTS VALUES(70,100.0E0)
COMMIT
/*C75*/SET SCHEMA PUBLIC
INSERT INTO ACCOUNTS VALUES(71,100.0E0)
COMMIT
/*C76*/SET SCHEMA PUBLIC
INSERT INTO ACCOUNTS VALUES(72,100.0E0)
COMMIT
/*C77*/SET SCHEMA PUBLIC
INSERT INTO ACCOUNTS VALUES(73,100.0E0)
COMMIT
/*C78*/SET SCHEMA PUBLIC
INSERT INTO ACCOUNTS VALUES(74,100.0E0)
COMMIT
/*C79*/SET SCHEMA PUBLIC
INSERT INTO ACCOUNTS VALUES(75,100.0E0)
COMMIT
/*C80*/SET SCHEMA PUBLIC
INSERT INTO ACCOUNTS VALUES(76,100.0E0)
COMMIT
/*C81*/SET SCHEMA PUBLIC
INSERT INTO ACCOUNTS VALUES(77,100.0E0)
COMMIT
/*C82*/SET SCHEMA PUBLIC
INSERT INTO ACCOUNTS VALUES(78,100.0E0)
COMMIT
/*C83*/SET SCHEMA PUBLIC
INSERT INTO ACCOUNTS VALUES(79,100.0E0)
COMMIT
/*C84*/SET SCHEMA PUBLIC
INSERT INTO ACCOUNTS VALUES(80,100.0E0)
COMMIT
/*C85*/SET SCHEMA PUBLIC
INSERT INTO ACCOUNTS VALUES(81,100.0E0)
COMMIT
/*C86*/SET SCHEMA PUBLIC
INSERT INTO ACCOUNTS VALUES(82,100.0E0)
COMMIT
/*C87*/SET SCHEMA PUBLIC
INSERT INTO ACCOUNTS VALUES(83,100.0E0)
COMMIT
/*C88*/SET SCHEMA PUBLIC
INSERT INTO ACCOUNTS VALUES(84,100.0E0)
COMMIT
/*C89*/SET SCHEMA PUBLIC
INSERT INTO ACCOUNTS VALUES(85,100.0E0)
COMMIT
/*C90*/SET SCHEMA PUBLIC
INSERT INTO ACCOUNTS VALUES(86,100.0E0)
COMMIT
/*C91*/SET SCHEMA PUBLIC
INSERT INTO ACCOUNTS VALUES(87,100.0E0)
COMMIT
/*C92*/SET SCHEMA PUBLIC
INSERT INTO ACCOUNTS VALUES(88,100.0E0)
COMMIT
/*C93*/SET SCHEMA PUBLIC
INSERT INTO ACCOUNTS VALUES(89,100.0E0)
COMMIT
/*C94*/SET SCHEMA PUBLIC
INSERT INTO ACCOUNTS VALUES(90,100.0E0)
COMMIT
/*C95*/SET SCHEMA PUBLIC
INSERT INTO ACCOUNTS VALUES(91,100.0E0)
COMMIT
/*C96*/SET SCHEMA PUBLIC
INSERT INTO ACCOUNTS VALUES(92,100.0E0)
COMMIT
/*C97*/SET SCHEMA PUBLIC
INSERT INTO ACCOUNTS VALUES(93,100.0E0)
COMMIT
/*C98*/SET SCHEMA PUBLIC
INSERT INTO ACCOUNTS VALUES(94,100.0E0)
COMMIT
/*C99*/SET SCHEMA PUBLIC
INSERT INTO ACCOUNTS VALUES(95,100.0E0)
COMMIT
/*C100*/SET SCHEMA PUBLIC
INSERT INTO ACCOUNTS VALUES(96,100.0E0)
COMMIT
/*C101*/SET SCHEMA PUBLIC
INSERT INTO ACCOUNTS VALUES(97,100.0E0)
COMMIT
/*C102*/SET SCHEMA PUBLIC
INSERT INTO ACCOUNTS VALUES(98,100.0E0)
COMMIT
/*C103*/SET SCHEMA PUBLIC
INSERT INTO ACCOUNTS VALUES(99,100.0E0)
COMMIT
/*C104*/SET SCHEMA PUBLIC
INSERT INTO ACCOUNTS VALUES(100,100.0E0)
COMMIT
/*C105*/SET SCHEMA PUBLIC
INSERT INTO ACCOUNTS VALUES(101,100.0E0)
COMMIT
/*C106*/SET SCHEMA PUBLIC
INSERT INTO ACCOUNTS VALUES(102,100.0E0)
COMMIT
/*C107*/SET SCHEMA PUBLIC
INSERT INTO ACCOUNTS VALUES(103,100.0E0)
COMMIT
/*C108*/SET SCHEMA PUBLIC
INSERT INTO ACCOUNTS VALUES(104,100.0E0)
COMMIT
/*C109*/SET SCHEMA PUBLIC
INSERT INTO ACCOUNTS VALUES(105,100.0E0)
COMMIT
/*C110*/SET SCHEMA PUBLIC
INSERT INTO ACCOUNTS VALUES(106,100.0E0)
COMMIT
/*C111*/SET SCHEMA PUBLIC
INSERT INTO ACCOUNTS VALUES(107,100.0E0)
COMMIT
/*C112*/SET SCHEMA PUBLIC
INSERT INTO ACCOUNTS VALUES(108,100.0E0)
COMMIT
/*C113*/SET SCHEMA PUBLIC
INSERT INTO ACCOUNTS VALUES(109,100.0E0)
COMMIT
/*C114*/SET SCHEMA PUBLIC
INSERT INTO ACCOUNTS VALUES(110,100.0E0)
COMMIT
/*C115*/SET SCHEMA PUBLIC
INSERT INTO ACCOUNTS VALUES(111,100.0E0)
COMMIT
/*C116*/SET SCHEMA PUBLIC
INSERT INTO ACCOUNTS VALUES(112,100.0E0)
COMMIT
/*C117*/SET SCHEMA PUBLIC
INSERT INTO ACCOUNTS VALUES(113,100.0E0)
COMMIT
/*C118*/SET SCHEMA PUBLIC
INSERT INTO ACCOUNTS VALUES(114,100.0E0)
COMMIT
/*C119*/SET SCHEMA PUBLIC
INSERT INTO ACCOUNTS VALUES(115,100.0E0)
COMMIT
/*C120*/SET SCHEMA PUBLIC
INSERT INTO ACCOUNTS VALUES(116,100.0E0)
COMMIT
/*C121*/SET SCHEMA PUBLIC
INSERT INTO ACCOUNTS VALUES(117,100.0E0)
COMMIT
/*C122*/SET SCHEMA PUBLIC
INSERT INTO ACCOUNTS VALUES(118,100.0E0)
COMMIT
/*C123*/SET SCHEMA PUBLIC
INSERT INTO ACCOUNTS VALUES(119,100.0E0)
COMMIT
/*C124*/SET SCHEMA PUBLIC
INSERT INTO ACCOUNTS VALUES(120,100.0E0)
COMMIT
/*C125*/SET SCHEMA PUBLIC
INSERT INTO ACCOUNTS VALUES(121,100.0E0)
COMMIT
/*C126*/SET SCHEMA PUBLIC
INSERT INTO ACCOUNTS VALUES(122,100.0E0)
COMMIT
/*C127*/SET SCHEMA PUBLIC
INSERT INTO ACCOUNTS VALUES(123,100.0E0)
COMMIT
/*C128*/SET SCHEMA PUBLIC
INSERT INTO ACCOUNTS VALUES(124,100.0E0)
COMMIT
/*C129*/SET SCHEMA PUBLIC
INSERT INTO ACCOUNTS VALUES(125,100.0E0)
COMMIT
/*C130*/SET SCHEMA PUBLIC
INSERT INTO ACCOUNTS VALUES(126,100.0E0)
COMMIT
/*C131*/SET SCHEMA PUBLIC
INSERT INTO ACCOUNTS VALUES(127,100.0E0)
COMMIT
/*C132*/SET SCHEMA PUBLIC
INSERT INTO ACCOUNTS VALUES(128,100.0E0)
COMMIT
/*C133*/SET SCHEMA PUBLIC
INSERT INTO ACCOUNTS VALUES(129,100.0E0)
COMMIT
/*C134*/SET SCHEMA PUBLIC
INSERT INTO ACCOUNTS VALUES(130,100.0E0)
COMMIT
/*C135*/SET SCHEMA PUBLIC
INSERT INTO ACCOUNTS VALUES(131,100.0E0)
COMMIT
/*C136*/SET SCHEMA PUBLIC
INSERT INTO ACCOUNTS VALUES(132,100.0E0)
COMMIT
/*C137*/SET SCHEMA PUBLIC
INSERT INTO ACCOUNTS VALUES(133,100.0E0)
COMMIT
/*C138*/SET SCHEMA PUBLIC
INSERT INTO ACCOUNTS VALUES(134,100.0E0)
COMMIT
/*C139*/SET SCHEMA PUBLIC
INSERT INTO ACCOUNTS VALUES(135,100.0E0)
COMMIT
/*C140*/SET SCHEMA PUBLIC
INSERT INTO ACCOUNTS VALUES(136,100.0E0)
COMMIT
/*C141*/SET SCHEMA PUBLIC
INSERT INTO ACCOUNTS VALUES(137,100.0E0)
COMMIT
/*C142*/SET SCHEMA PUBLIC
INSERT INTO ACCOUNTS VALUES(138,100.0E0)
COMMIT
/*C143*/SET SCHEMA PUBLIC
INSERT INTO ACCOUNTS VALUES(139,100.0E0)
COMMIT
/*C144*/SET SCHEMA PUBLIC
INSERT INTO ACCOUNTS VALUES(140,100.0E0)
COMMIT
/*C145*/SET SCHEMA PUBLIC
INSERT INTO ACCOUNTS VALUES(141,100.0E0)
COMMIT
/*C146*/SET SCHEMA PUBLIC
INSERT INTO ACCOUNTS VALUES(142,100.0E0)
COMMIT
/*C147*/SET SCHEMA PUBLIC
INSERT INTO ACCOUNTS VALUES(143,100.0E0)
COMMIT
/*C148*/SET SCHEMA PUBLIC
INSERT INTO ACCOUNTS VALUES(144,100.0E0)
COMMIT
/*C149*/SET SCHEMA PUBLIC
INSERT INTO ACCOUNTS VALUES(145,100.0E0)
COMMIT
/*C150*/SET SCHEMA PUBLIC
INSERT INTO ACCOUNTS VALUES(146,100.0E0)
COMMIT
/*C151*/SET SCHEMA PUBLIC
INSERT INTO ACCOUNTS VALUES(147,100.0E0)
COMMIT
/*C152*/SET SCHEMA PUBLIC
INSERT INTO ACCOUNTS VALUES(148,100.0E0)
COMMIT
/*C153*/SET SCHEMA PUBLIC
INSERT INTO ACCOUNTS VALUES(149,100.0E0)
COMMIT
/*C154*/SET SCHEMA PUBLIC
INSERT INTO ACCOUNTS VALUES(150,100.0E0)
COMMIT
/*C155*/SET SCHEMA PUBLIC
INSERT INTO ACCOUNTS VALUES(151,100.0E0)
COMMIT
/*C156*/SET SCHEMA PUBLIC
INSERT INTO ACCOUNTS VALUES(152,100.0E0)
COMMIT
/*C157*/SET SCHEMA PUBLIC
INSERT INTO ACCOUNTS VALUES(153,100.0E0)
COMMIT
/*C158*/SET SCHEMA PUBLIC
INSERT INTO ACCOUNTS VALUES(154,100.0E0)
COMMIT
/*C159*/SET SCHEMA PUBLIC
INSERT INTO ACCOUNTS VALUES(155,100.0E0)
COMMIT
/*C160*/SET SCHEMA PUBLIC
INSERT INTO ACCOUNTS VALUES(156,100.0E0)
COMMIT
/*C161*/SET SCHEMA PUBLIC
INSERT INTO ACCOUNTS VALUES(157,100.0E0)
COMMIT
/*C162*/SET SCHEMA PUBLIC
INSERT INTO ACCOUNTS VALUES(158,100.0E0)
COMMIT
/*C163*/SET SCHEMA PUBLIC
INSERT INTO ACCOUNTS VALUES(159,100.0E0)
COMMIT
/*C164*/SET SCHEMA PUBLIC
INSERT INTO ACCOUNTS VALUES(160,100.0E0)
COMMIT
/*C165*/SET SCHEMA PUBLIC
INSERT INTO ACCOUNTS VALUES(161,100.0E0)
COMMIT
/*C166*/SET SCHEMA PUBLIC
INSERT INTO ACCOUNTS VALUES(162,100.0E0)
COMMIT
/*C167*/SET SCHEMA PUBLIC
INSERT INTO ACCOUNTS VALUES(163,100.0E0)
COMMIT
/*C168*/SET SCHEMA PUBLIC
INSERT INTO ACCOUNTS VALUES(164,100.0E0)
COMMIT
/*C169*/SET SCHEMA PUBLIC
INSERT INTO ACCOUNTS VALUES(165,100.0E0)
COMMIT
/*C170*/SET SCHEMA PUBLIC
INSERT INTO ACCOUNTS VALUES(166,100.0E0)
COMMIT
/*C171*/SET SCHEMA PUBLIC
INSERT INTO ACCOUNTS VALUES(167,100.0E0)
COMMIT
/*C172*/SET SCHEMA PUBLIC
INSERT INTO ACCOUNTS VALUES(168,100.0E0)
COMMIT
/*C173*/SET SCHEMA PUBLIC
INSERT INTO ACCOUNTS VALUES(169,100.0E0)
COMMIT
/*C174*/SET SCHEMA PUBLIC
INSERT INTO ACCOUNTS VALUES(170,100.0E0)
COMMIT
/*C175*/SET SCHEMA PUBLIC
INSERT INTO ACCOUNTS VALUES(171,100.0E0)
COMMIT
/*C176*/SET SCHEMA PUBLIC
INSERT INTO ACCOUNTS VALUES(172,100.0E0)
COMMIT
/*C177*/SET SCHEMA PUBLIC
INSERT INTO ACCOUNTS VALUES(173,100.0E0)
COMMIT
/*C178*/SET SCHEMA PUBLIC
INSERT INTO ACCOUNTS VALUES(174,100.0E0)
COMMIT
/*C179*/SET SCHEMA PUBLIC
INSERT INTO ACCOUNTS VALUES(175,100.0E0)
COMMIT
/*C180*/SET SCHEMA PUBLIC
INSERT INTO ACCOUNTS VALUES(176,100.0E0)
COMMIT
/*C181*/SET SCHEMA PUBLIC
INSERT INTO ACCOUNTS VALUES(177,100.0E0)
COMMIT
/*C182*/SET SCHEMA PUBLIC
INSERT INTO ACCOUNTS VALUES(178,100.0E0)
COMMIT
/*C183*/SET SCHEMA PUBLIC
INSERT INTO ACCOUNTS VALUES(179,100.0E0)
COMMIT
/*C184*/SET SCHEMA PUBLIC
INSERT INTO ACCOUNTS VALUES(180,100.0E0)
COMMIT
/*C185*/SET SCHEMA PUBLIC
INSERT INTO ACCOUNTS VALUES(181,100.0E0)
COMMIT
/*C186*/SET SCHEMA PUBLIC
INSERT INTO ACCOUNTS VALUES(182,100.0E0)
COMMIT
/*C187*/SET SCHEMA PUBLIC
INSERT INTO ACCOUNTS VALUES(183,100.0E0)
COMMIT
/*C188*/SET SCHEMA PUBLIC
INSERT INTO ACCOUNTS VALUES(184,100.0E0)
COMMIT
/*C189*/SET SCHEMA PUBLIC
INSERT INTO ACCOUNTS VALUES(185,100.0E0)
COMMIT
/*C190*/SET SCHEMA PUBLIC
INSERT INTO ACCOUNTS VALUES(186,100.0E0)
COMMIT
/*C191*/SET SCHEMA PUBLIC
INSERT INTO ACCOUNTS VALUES(187,100.0E0)
COMMIT
/*C192*/SET SCHEMA PUBLIC
INSERT INTO ACCOUNTS VALUES(188,100.0E0)
COMMIT
/*C193*/SET SCHEMA PUBLIC
INSERT INTO ACCOUNTS VALUES(189,100.0E0)
COMMIT
/*C194*/SET SCHEMA PUBLIC
INSERT INTO ACCOUNTS VALUES(190,100.0E0)
COMMIT
/*C195*/SET SCHEMA PUBLIC
INSERT INTO ACCOUNTS VALUES(191,100.0E0)
COMMIT
/*C196*/SET SCHEMA PUBLIC
INSERT INTO ACCOUNTS VALUES(192,100.0E0)
COMMIT
/*C197*/SET SCHEMA PUBLIC
INSERT INTO ACCOUNTS VALUES(193,100.0E0)
COMMIT
/*C198*/SET SCHEMA PUBLIC
INSERT INTO ACCOUNTS VALUES(194,100.0E0)
COMMIT
/*C199*/SET SCHEMA PUBLIC
INSERT INTO ACCOUNTS VALUES(195,100.0E0)
COMMIT
/*C200*/SET SCHEMA PUBLIC
INSERT INTO ACCOUNTS VALUES(196,100.0E0)
COMMIT
/*C201*/SET SCHEMA PUBLIC
INSERT INTO ACCOUNTS VALUES(197,100.0E0)
COMMIT
/*C202*/SET SCHEMA PUBLIC
INSERT INTO ACCOUNTS VALUES(198,100.0E0)
COMMIT
/*C203*/SET SCHEMA PUBLIC
INSERT INTO ACCOUNTS VALUES(199,100.0E0)
COMMIT
/*C204*/SET SCHEMA PUBLIC
INSERT INTO ACCOUNTS VALUES(200,100.0E0)
COMMIT
